app/build/outputs/mapping/release/seeds.txt
androidx.compose.ui.draw.DrawWithCacheElement
androidx.compose.foundation.layout.LayoutWeightElement
androidx.compose.ui.node.ForceUpdateElement
androidx.navigation.compose.ComposeNavGraphNavigator
androidx.compose.ui.input.pointer.PointerHoverIconModifierElement
androidx.compose.ui.layout.OnGloballyPositionedElement
androidx.compose.foundation.layout.UnspecifiedConstraintsElement
androidx.compose.foundation.layout.BoxChildDataElement
androidx.compose.foundation.BackgroundElement
androidx.compose.foundation.gestures.ScrollableElement
androidx.core.app.RemoteActionCompat
androidx.compose.foundation.relocation.BringIntoViewRequesterElement
androidx.lifecycle.ProcessLifecycleInitializer
kotlin.coroutines.jvm.internal.BaseContinuationImpl
androidx.compose.ui.input.rotary.RotaryInputElement
androidx.emoji2.text.EmojiCompatInitializer
androidx.core.graphics.drawable.IconCompatParcelizer
androidx.compose.foundation.text.modifiers.TextAnnotatedStringElement
androidx.compose.ui.focus.FocusRequesterElement
kotlinx.coroutines.internal.StackTraceRecoveryKt
androidx.compose.foundation.BorderModifierNodeElement
androidx.compose.ui.input.key.KeyInputElement
androidx.compose.animation.EnterExitTransitionElement
androidx.compose.ui.semantics.AppendedSemanticsElement
androidx.compose.foundation.FocusableElement
androidx.compose.ui.focus.FocusChangedElement
android.support.v4.app.RemoteActionCompatParcelizer
androidx.compose.foundation.layout.FillElement
androidx.compose.foundation.layout.WrapContentElement
androidx.compose.foundation.layout.PaddingElement
androidx.compose.ui.draw.DrawWithContentElement
androidx.startup.InitializationProvider
androidx.compose.foundation.layout.PaddingValuesElement
androidx.compose.ui.semantics.EmptySemanticsElement
androidx.navigation.NavGraphNavigator
androidx.compose.ui.draw.DrawBehindElement
androidx.annotation.Keep
androidx.versionedparcelable.ParcelImpl
androidx.compose.ui.focus.FocusOwnerImpl$modifier$1
androidx.compose.ui.graphics.GraphicsLayerElement
com.journeyapps.barcodescanner.CaptureActivity
androidx.compose.foundation.ScrollingLayoutElement
androidx.profileinstaller.ProfileInstallReceiver
android.support.v4.graphics.drawable.IconCompatParcelizer
androidx.compose.foundation.MagnifierElement
com.modernqr.app.MainActivity
androidx.compose.ui.graphics.BlockGraphicsLayerElement
androidx.compose.ui.input.nestedscroll.NestedScrollElement
com.journeyapps.barcodescanner.ViewfinderView
androidx.compose.foundation.layout.SizeElement
androidx.core.app.RemoteActionCompatParcelizer
androidx.core.graphics.drawable.IconCompat
androidx.compose.foundation.HoverableElement
androidx.compose.foundation.FocusableKt$FocusableInNonTouchModeElement$1
androidx.navigation.compose.ComposeNavigator
androidx.versionedparcelable.CustomVersionedParcelable
androidx.compose.foundation.ClickableElement
androidx.compose.ui.focus.FocusTargetNode$FocusTargetElement
androidx.room.MultiInstanceInvalidationService
androidx.compose.foundation.layout.HorizontalAlignElement
androidx.compose.foundation.layout.IntrinsicWidthElement
kotlinx.coroutines.scheduling.CoroutineScheduler$Worker: int indexInArray
androidx.lifecycle.Lifecycle$Event: androidx.lifecycle.Lifecycle$Event ON_RESUME
kotlinx.coroutines.InvokeOnCancelling: int _invoked
androidx.datastore.preferences.protobuf.GeneratedMessageLite: androidx.datastore.preferences.protobuf.UnknownFieldSetLite unknownFields
androidx.datastore.preferences.PreferencesProto$StringSet: androidx.datastore.preferences.protobuf.Parser PARSER
androidx.datastore.preferences.PreferencesProto$Value: int valueCase_
androidx.concurrent.futures.AbstractResolvableFuture$Waiter: java.lang.Thread thread
kotlinx.coroutines.internal.LimitedDispatcher: int runningWorkers
kotlinx.coroutines.internal.Segment: int cleanedAndPointers
kotlinx.coroutines.JobSupport$Finishing: java.lang.Object _rootCause
kotlinx.coroutines.internal.LockFreeLinkedListNode: java.lang.Object _next