app/build/outputs/mapping/release/mapping.txt
# compiler: R8
# compiler_version: 8.3.36
# min_api: 24
# common_typos_disable
# {"id":"com.android.tools.r8.mapping","version":"2.2"}
# pg_map_id: 28fe99b
# pg_map_hash: SHA-256 28fe99b5a8528b592a215b497858373cd57151791b0eb9c3ccfc4372adbde0a8
...
androidx.compose.ui.platform.CompositionLocalsKt$LocalWindowInfo$1 -> R8$$REMOVED$$CLASS$$921:
# {"id":"sourceFile","fileName":"CompositionLocals.kt"}
androidx.compose.ui.platform.CompositionLocalsKt$ProvideCommonCompositionLocals$1 -> R8$$REMOVED$$CLASS$$922:
# {"id":"sourceFile","fileName":"CompositionLocals.kt"}
androidx.compose.ui.platform.DecodeHelper -> o0.t0:
# {"id":"sourceFile","fileName":"AndroidClipboardManager.android.kt"}
    android.os.Parcel parcel -> a
    1:22:void <init>(java.lang.String):0:0 -> <init>
    1:27:byte decodeByte():0:0 -> a
    1:27:long decodeTextUnit-XSAIIZE():0 -> a
    28:35:long decodeTextUnit-XSAIIZE():0:0 -> a
    36:38:long androidx.compose.ui.unit.TextUnit.access$getUnspecified$cp():0:0 -> a
    36:38:long androidx.compose.ui.unit.TextUnit$Companion.getUnspecified-XSAIIZE():0 -> a
    36:38:long decodeTextUnit-XSAIIZE():0 -> a
    39:42:float decodeFloat():0:0 -> a
    39:42:long decodeTextUnit-XSAIIZE():0 -> a
    43:47:long androidx.compose.ui.unit.TextUnitKt.TextUnit-anM5pPY(float,long):0:0 -> a
    43:47:long decodeTextUnit-XSAIIZE():0 -> a
    1:6:void androidx.compose.ui.platform.EncodeHelper.encode(byte):0:0 -> b
    1:6:void androidx.compose.ui.platform.EncodeHelper.encode(float):0:0 -> c
    1:60:void androidx.compose.ui.platform.EncodeHelper.encode--R2X_6o(long):0:0 -> d
androidx.compose.ui.platform.DelegatingSoftwareKeyboardController -> o0.u0:
# {"id":"sourceFile","fileName":"SoftwareKeyboardController.kt"}
    androidx.compose.ui.text.input.TextInputService textInputService -> a
      # {"id":"com.android.tools.r8.residualsignature","signature":"LA0/C;"}
    1:6:void <init>(androidx.compose.ui.text.input.TextInputService):0:0 -> <init>
      # {"id":"com.android.tools.r8.residualsignature","signature":"(LA0/C;)V"}
androidx.compose.ui.platform.DeviceRenderNode -> o0.v0:
# {"id":"sourceFile","fileName":"DeviceRenderNode.android.kt"}
    boolean getHasDisplayList() -> A
    void setClipToBounds(boolean) -> B
    void setOutline(android.graphics.Outline) -> C
    void setSpotShadowColor(int) -> D
    boolean setPosition(int,int,int,int) -> E
    void setScaleX(float) -> F
    void setRotationX(float) -> G
    boolean setHasOverlappingRendering(boolean) -> H
      # {"id":"com.android.tools.r8.residualsignature","signature":"()Z"}
    void getMatrix(android.graphics.Matrix) -> I
    void discardDisplayList() -> J
    float getElevation() -> K
    void setAmbientShadowColor(int) -> L
    int getWidth() -> a
    int getHeight() -> b
    float getAlpha() -> c
    void setRotationY(float) -> d
    void setPivotY(float) -> e
    void setTranslationX(float) -> f
    void setAlpha(float) -> g
    void setScaleY(float) -> h
    void setElevation(float) -> i
    void offsetLeftAndRight(int) -> j
    int getBottom() -> k
    int getRight() -> l
    boolean getClipToOutline() -> m
    void offsetTopAndBottom(int) -> n
    boolean getClipToBounds() -> o
    void setRenderEffect(androidx.compose.ui.graphics.RenderEffect) -> p
      # {"id":"com.android.tools.r8.residualsignature","signature":"()V"}
    void drawInto(android.graphics.Canvas) -> q
    int getTop() -> r
    int getLeft() -> s
    void setClipToOutline(boolean) -> t